  Func.cpp
D:\a.Work_Space\PROJECT\CMD_SIMS\CMD_SIMS\Func.cpp(150,3): warning C4996: 'strcpy': This function or variable may be unsafe. Consider using strcpy_s instead. To disable deprecation, use _CRT_SECURE_NO_WARNINGS. See online help for details.
D:\a.Work_Space\PROJECT\CMD_SIMS\CMD_SIMS\Func.cpp(151,3): warning C4996: 'strcpy': This function or variable may be unsafe. Consider using strcpy_s instead. To disable deprecation, use _CRT_SECURE_NO_WARNINGS. See online help for details.
D:\a.Work_Space\PROJECT\CMD_SIMS\CMD_SIMS\Func.cpp(216,3): warning C4996: 'strcpy': This function or variable may be unsafe. Consider using strcpy_s instead. To disable deprecation, use _CRT_SECURE_NO_WARNINGS. See online help for details.
D:\a.Work_Space\PROJECT\CMD_SIMS\CMD_SIMS\Func.cpp(217,3): warning C4996: 'strcpy': This function or variable may be unsafe. Consider using strcpy_s instead. To disable deprecation, use _CRT_SECURE_NO_WARNINGS. See online help for details.
D:\a.Work_Space\PROJECT\CMD_SIMS\CMD_SIMS\Func.cpp(218,3): warning C4996: 'strcpy': This function or variable may be unsafe. Consider using strcpy_s instead. To disable deprecation, use _CRT_SECURE_NO_WARNINGS. See online help for details.
D:\a.Work_Space\PROJECT\CMD_SIMS\CMD_SIMS\Func.cpp(263,3): warning C4996: 'strcpy': This function or variable may be unsafe. Consider using strcpy_s instead. To disable deprecation, use _CRT_SECURE_NO_WARNINGS. See online help for details.
D:\a.Work_Space\PROJECT\CMD_SIMS\CMD_SIMS\Func.cpp(264,3): warning C4996: 'strcpy': This function or variable may be unsafe. Consider using strcpy_s instead. To disable deprecation, use _CRT_SECURE_NO_WARNINGS. See online help for details.
D:\a.Work_Space\PROJECT\CMD_SIMS\CMD_SIMS\Func.cpp(265,3): warning C4996: 'strcpy': This function or variable may be unsafe. Consider using strcpy_s instead. To disable deprecation, use _CRT_SECURE_NO_WARNINGS. See online help for details.
D:\a.Work_Space\PROJECT\CMD_SIMS\CMD_SIMS\Func.cpp(266,3): warning C4996: 'strcpy': This function or variable may be unsafe. Consider using strcpy_s instead. To disable deprecation, use _CRT_SECURE_NO_WARNINGS. See online help for details.
D:\a.Work_Space\PROJECT\CMD_SIMS\CMD_SIMS\Func.cpp(385,14): warning C4996: 'fopen': This function or variable may be unsafe. Consider using fopen_s instead. To disable deprecation, use _CRT_SECURE_NO_WARNINGS. See online help for details.
D:\a.Work_Space\PROJECT\CMD_SIMS\CMD_SIMS\Func.cpp(407,12): warning C4996: 'fopen': This function or variable may be unsafe. Consider using fopen_s instead. To disable deprecation, use _CRT_SECURE_NO_WARNINGS. See online help for details.
D:\a.Work_Space\PROJECT\CMD_SIMS\CMD_SIMS\Func.cpp(415,2): warning C4996: 'fscanf': This function or variable may be unsafe. Consider using fscanf_s instead. To disable deprecation, use _CRT_SECURE_NO_WARNINGS. See online help for details.
D:\a.Work_Space\PROJECT\CMD_SIMS\CMD_SIMS\Func.cpp(420,9): warning C4996: 'fscanf': This function or variable may be unsafe. Consider using fscanf_s instead. To disable deprecation, use _CRT_SECURE_NO_WARNINGS. See online help for details.
D:\a.Work_Space\PROJECT\CMD_SIMS\CMD_SIMS\Func.cpp(431,3): warning C4996: 'strcpy': This function or variable may be unsafe. Consider using strcpy_s instead. To disable deprecation, use _CRT_SECURE_NO_WARNINGS. See online help for details.
D:\a.Work_Space\PROJECT\CMD_SIMS\CMD_SIMS\Func.cpp(432,3): warning C4996: 'strcpy': This function or variable may be unsafe. Consider using strcpy_s instead. To disable deprecation, use _CRT_SECURE_NO_WARNINGS. See online help for details.
D:\a.Work_Space\PROJECT\CMD_SIMS\CMD_SIMS\Func.cpp(433,3): warning C4996: 'strcpy': This function or variable may be unsafe. Consider using strcpy_s instead. To disable deprecation, use _CRT_SECURE_NO_WARNINGS. See online help for details.
D:\a.Work_Space\PROJECT\CMD_SIMS\CMD_SIMS\Func.cpp(434,3): warning C4996: 'strcpy': This function or variable may be unsafe. Consider using strcpy_s instead. To disable deprecation, use _CRT_SECURE_NO_WARNINGS. See online help for details.
  main.cpp
  正在生成代码...
D:\a.Work_Space\PROJECT\CMD_SIMS\CMD_SIMS\Func.cpp(444): warning C4715: “readfileinfo”: 不是所有的控件路径都返回值
  CMD_SIMS.vcxproj -> D:\a.Work_Space\PROJECT\CMD_SIMS\x64\Debug\CMD_SIMS.exe
